2024-09-13 18:02:23,384 ERROR: Exception on /api/calendar [GET] [in /root/fitnesstracker/venv/lib/python3.11/site-packages/flask/app.py:838]
Traceback (most recent call last):
  File "/root/fitnesstracker/venv/lib/python3.11/site-packages/flask/app.py", line 880, in full_dispatch_request
    rv = self.dispatch_request()
         ^^^^^^^^^^^^^^^^^^^^^^^
  File "/root/fitnesstracker/venv/lib/python3.11/site-packages/flask/app.py", line 865, in dispatch_request
    return self.ensure_sync(self.view_functions[rule.endpoint])(**view_args)  # type: ignore[no-any-return]
           ^^^^^^^^^^^^^^^^^^^^^^^^^^^^^^^^^^^^^^^^^^^^^^^^^^^^^^^^^^^^^^^^^
  File "/root/fitnesstracker/venv/lib/python3.11/site-packages/flask_restful/__init__.py", line 493, in wrapper
    return self.make_response(data, code, headers=headers)
           ^^^^^^^^^^^^^^^^^^^^^^^^^^^^^^^^^^^^^^^^^^^^^^^
  File "/root/fitnesstracker/venv/lib/python3.11/site-packages/flask_restful/__init__.py", line 522, in make_response
    resp = self.representations[mediatype](data, *args, **kwargs)
           ^^^^^^^^^^^^^^^^^^^^^^^^^^^^^^^^^^^^^^^^^^^^^^^^^^^^^^
  File "/root/fitnesstracker/venv/lib/python3.11/site-packages/flask_restful/representations/json.py", line 21, in output_json
    dumped = dumps(data, **settings) + "\n"
             ^^^^^^^^^^^^^^^^^^^^^^^
  File "/usr/lib/python3.11/json/__init__.py", line 231, in dumps
    return _default_encoder.encode(obj)
           ^^^^^^^^^^^^^^^^^^^^^^^^^^^^
  File "/usr/lib/python3.11/json/encoder.py", line 200, in encode
    chunks = self.iterencode(o, _one_shot=True)
             ^^^^^^^^^^^^^^^^^^^^^^^^^^^^^^^^^^
  File "/usr/lib/python3.11/json/encoder.py", line 258, in iterencode
    return _iterencode(o, 0)
           ^^^^^^^^^^^^^^^^^
  File "/usr/lib/python3.11/json/encoder.py", line 180, in default
    raise TypeError(f'Object of type {o.__class__.__name__} '
TypeError: Object of type date is not JSON serializable
2024-09-13 18:03:04,308 INFO: FitnessTracker startup [in /root/fitnesstracker/app/__init__.py:31]
2024-09-13 18:03:04,478 INFO: FitnessTracker startup [in /root/fitnesstracker/app/__init__.py:31]
2024-09-13 18:03:04,517 INFO: FitnessTracker startup [in /root/fitnesstracker/app/__init__.py:31]
2024-09-13 18:03:04,563 INFO: FitnessTracker startup [in /root/fitnesstracker/app/__init__.py:31]
2024-09-14 09:38:31,875 INFO: FitnessTracker startup [in /root/fitnesstracker/app/__init__.py:31]
2024-09-14 09:38:31,959 INFO: FitnessTracker startup [in /root/fitnesstracker/app/__init__.py:31]
2024-09-14 09:38:32,043 INFO: FitnessTracker startup [in /root/fitnesstracker/app/__init__.py:31]
2024-09-14 09:38:32,141 INFO: FitnessTracker startup [in /root/fitnesstracker/app/__init__.py:31]
2024-09-14 10:54:12,294 INFO: FitnessTracker startup [in /root/fitnesstracker/app/__init__.py:31]
2024-09-14 10:54:12,423 INFO: FitnessTracker startup [in /root/fitnesstracker/app/__init__.py:31]
2024-09-14 10:54:12,457 INFO: FitnessTracker startup [in /root/fitnesstracker/app/__init__.py:31]
2024-09-14 10:54:12,497 INFO: FitnessTracker startup [in /root/fitnesstracker/app/__init__.py:31]
2024-09-14 10:54:59,702 INFO: FitnessTracker startup [in /root/fitnesstracker/app/__init__.py:31]
2024-09-14 10:54:59,755 INFO: FitnessTracker startup [in /root/fitnesstracker/app/__init__.py:31]
2024-09-14 10:54:59,911 INFO: FitnessTracker startup [in /root/fitnesstracker/app/__init__.py:31]
2024-09-14 10:54:59,917 INFO: FitnessTracker startup [in /root/fitnesstracker/app/__init__.py:31]
2024-09-14 16:12:54,514 INFO: FitnessTracker startup [in /root/fitnesstracker/app/__init__.py:31]
2024-09-14 16:12:54,525 INFO: FitnessTracker startup [in /root/fitnesstracker/app/__init__.py:31]
2024-09-14 16:12:54,529 INFO: FitnessTracker startup [in /root/fitnesstracker/app/__init__.py:31]
2024-09-14 16:12:54,535 INFO: FitnessTracker startup [in /root/fitnesstracker/app/__init__.py:31]
2024-09-14 16:26:20,932 INFO: FitnessTracker startup [in /root/fitnesstracker/app/__init__.py:56]
2024-09-14 16:26:21,149 INFO: FitnessTracker startup [in /root/fitnesstracker/app/__init__.py:56]
2024-09-14 16:26:21,169 INFO: FitnessTracker startup [in /root/fitnesstracker/app/__init__.py:56]
2024-09-14 16:26:21,174 INFO: FitnessTracker startup [in /root/fitnesstracker/app/__init__.py:56]
2024-09-15 04:53:22,634 INFO: FitnessTracker startup [in /root/fitnesstracker/app/__init__.py:56]
2024-09-15 04:53:22,651 INFO: FitnessTracker startup [in /root/fitnesstracker/app/__init__.py:56]
2024-09-15 04:53:22,656 INFO: FitnessTracker startup [in /root/fitnesstracker/app/__init__.py:56]
2024-09-15 04:53:22,661 INFO: FitnessTracker startup [in /root/fitnesstracker/app/__init__.py:56]
